<?xml version="1.0" encoding="UTF-8"?>
<!-- Generated by org.testng.reporters.JUnitXMLReporter -->
<testsuite ignored="0" hostname="DESKTOP-OI01Q94" failures="0" tests="4" name="Default test" time="32.528" errors="0" timestamp="2025-03-11T16:25:32 GST">
  <testcase classname="OrangeHRM.AdminFeatures" name="LeftMenuRead" time="2.868"/>
  <testcase classname="OrangeHRM.AdminFeatures" name="SearchByName" time="2.821"/>
  <testcase classname="OrangeHRM.AdminFeatures" name="SearchByRole" time="7.553"/>
  <testcase classname="OrangeHRM.AdminFeatures" name="SearchByStatus" time="7.595"/>
</testsuite> <!-- Default test -->
