<?xml version="1.0" encoding="UTF-8"?>
<!-- Generated by org.testng.reporters.JUnitXMLReporter -->
<testsuite ignored="0" hostname="DESKTOP-OI01Q94" failures="0" tests="5" name="ECommerce Test" time="40.832" errors="0" timestamp="2025-03-11T15:17:13 GST">
  <testcase classname="ECommerce.ProductStore" name="SignUp" time="3.511"/>
  <testcase classname="ECommerce.ProductStore" name="ViewFeaturedPromotions" time="2.278"/>
  <testcase classname="ECommerce.ProductStore" name="ProductBrowsing" time="9.161"/>
  <testcase classname="ECommerce.ProductStore" name="ProductBrowsing" time="8.979"/>
  <testcase classname="ECommerce.ProductStore" name="ProductBrowsing" time="8.929"/>
</testsuite> <!-- ECommerce Test -->
